<?xml version="1.0" encoding="UTF-8" ?>
<testsuite tests="10" failures="0" name="tests.AllFeaturesTest" time="13.47" errors="0" skipped="0">
  <properties>
[...]
</properties>
  <testcase classname="Validate responses from Calculators Collection - BMI API" name="Validate status code 200" time="6.386"/>
  <testcase classname="Validate responses from Calculators Collection - BMI API" name="Validate status code 422" time="1.493"/>
  <testcase classname="Validate responses from Calculators Collection - BMI API" name="Validate status code 400 when sending no parameters" time="0.758"/>
  <testcase classname="Validate responses from Calculators Collection - BMI API" name="Validate status code 400 when sending no API_KEY" time="0.517"/>
  <testcase classname="Validate responses from Calculators Collection - Ideal Weight API" name="Validate status code 200" time="0.896"/>
  <testcase classname="Validate responses from Calculators Collection - Ideal Weight API" name="Validate status code 422" time="0.746"/>
  <testcase classname="Validate responses from Calculators Collection - Ideal Weight API" name="Validate status code 400 when sending only the gender parameter" time="0.709"/>
  <testcase classname="Validate responses from Calculators Collection - Ideal Weight API" name="Validate status code 400 when sending only the height parameter" time="0.735"/>
  <testcase classname="Validate responses from Calculators Collection - Ideal Weight API" name="Validate status code 400 when sending no parameters" time="0.718"/>
  <testcase classname="Validate responses from Calculators Collection - Ideal Weight API" name="Validate status code 401 when sending no API_KEY" time="0.512"/>
</testsuite>